{"/home/user/simwrapper/src/managers/DataTableManager.ts": {"path":"/home/user/simwrapper/src/managers/DataTableManager.ts","statementMap":{"0":{"start":{"line":19,"column":28},"end":{"line":19,"column":null}},"1":{"start":{"line":24,"column":4},"end":{"line":24,"column":null}},"2":{"start":{"line":25,"column":4},"end":{"line":25,"column":null}},"3":{"start":{"line":32,"column":21},"end":{"line":32,"column":null}},"4":{"start":{"line":34,"column":4},"end":{"line":47,"column":null}},"5":{"start":{"line":35,"column":6},"end":{"line":46,"column":null}},"6":{"start":{"line":36,"column":8},"end":{"line":45,"column":null}},"7":{"start":{"line":41,"column":12},"end":{"line":41,"column":null}},"8":{"start":{"line":42,"column":12},"end":{"line":42,"column":null}},"9":{"start":{"line":54,"column":4},"end":{"line":54,"column":null}},"10":{"start":{"line":61,"column":4},"end":{"line":61,"column":null}},"11":{"start":{"line":61,"column":33},"end":{"line":61,"column":58}},"12":{"start":{"line":68,"column":4},"end":{"line":68,"column":null}},"13":{"start":{"line":68,"column":35},"end":{"line":68,"column":62}},"14":{"start":{"line":75,"column":4},"end":{"line":75,"column":null}},"15":{"start":{"line":75,"column":51},"end":{"line":75,"column":62}},"16":{"start":{"line":82,"column":4},"end":{"line":82,"column":null}},"17":{"start":{"line":89,"column":4},"end":{"line":89,"column":null}}},"fnMap":{"0":{"name":"(anonymous_0)","decl":{"start":{"line":23,"column":2},"end":{"line":23,"column":14}},"loc":{"start":{"line":23,"column":35},"end":{"line":26,"column":null}},"line":23},"1":{"name":"(anonymous_1)","decl":{"start":{"line":31,"column":8},"end":{"line":31,"column":17}},"loc":{"start":{"line":31,"column":69},"end":{"line":48,"column":null}},"line":31},"2":{"name":"(anonymous_2)","decl":{"start":{"line":34,"column":23},"end":{"line":34,"column":24}},"loc":{"start":{"line":34,"column":44},"end":{"line":47,"column":5}},"line":34},"3":{"name":"(anonymous_3)","decl":{"start":{"line":35,"column":49},"end":{"line":35,"column":50}},"loc":{"start":{"line":35,"column":65},"end":{"line":46,"column":7}},"line":35},"4":{"name":"(anonymous_4)","decl":{"start":{"line":40,"column":20},"end":{"line":40,"column":21}},"loc":{"start":{"line":40,"column":38},"end":{"line":43,"column":null}},"line":40},"5":{"name":"(anonymous_5)","decl":{"start":{"line":53,"column":2},"end":{"line":53,"column":23}},"loc":{"start":{"line":53,"column":23},"end":{"line":55,"column":null}},"line":53},"6":{"name":"(anonymous_6)","decl":{"start":{"line":60,"column":2},"end":{"line":60,"column":13}},"loc":{"start":{"line":60,"column":43},"end":{"line":62,"column":null}},"line":60},"7":{"name":"(anonymous_7)","decl":{"start":{"line":61,"column":26},"end":{"line":61,"column":33}},"loc":{"start":{"line":61,"column":33},"end":{"line":61,"column":58}},"line":61},"8":{"name":"(anonymous_8)","decl":{"start":{"line":67,"column":2},"end":{"line":67,"column":15}},"loc":{"start":{"line":67,"column":41},"end":{"line":69,"column":null}},"line":67},"9":{"name":"(anonymous_9)","decl":{"start":{"line":68,"column":28},"end":{"line":68,"column":35}},"loc":{"start":{"line":68,"column":35},"end":{"line":68,"column":62}},"line":68},"10":{"name":"(anonymous_10)","decl":{"start":{"line":74,"column":2},"end":{"line":74,"column":18}},"loc":{"start":{"line":74,"column":41},"end":{"line":76,"column":null}},"line":74},"11":{"name":"(anonymous_11)","decl":{"start":{"line":75,"column":44},"end":{"line":75,"column":51}},"loc":{"start":{"line":75,"column":51},"end":{"line":75,"column":62}},"line":75},"12":{"name":"(anonymous_12)","decl":{"start":{"line":81,"column":2},"end":{"line":81,"column":27}},"loc":{"start":{"line":81,"column":27},"end":{"line":83,"column":null}},"line":81},"13":{"name":"(anonymous_13)","decl":{"start":{"line":88,"column":2},"end":{"line":88,"column":24}},"loc":{"start":{"line":88,"column":24},"end":{"line":90,"column":null}},"line":88}},"branchMap":{},"s":{"0":13,"1":13,"2":13,"3":2,"4":2,"5":2,"6":1,"7":1,"8":1,"9":3,"10":2,"11":5,"12":2,"13":6,"14":2,"15":6,"16":1,"17":1},"f":{"0":13,"1":2,"2":2,"3":1,"4":1,"5":3,"6":2,"7":5,"8":2,"9":6,"10":2,"11":6,"12":1,"13":1},"b":{},"meta":{"lastBranch":0,"lastFunction":14,"lastStatement":18,"seen":{"s:19:28:19:Infinity":0,"f:23:2:23:14":0,"s:24:4:24:Infinity":1,"s:25:4:25:Infinity":2,"f:31:8:31:17":1,"s:32:21:32:Infinity":3,"s:34:4:47:Infinity":4,"f:34:23:34:24":2,"s:35:6:46:Infinity":5,"f:35:49:35:50":3,"s:36:8:45:Infinity":6,"f:40:20:40:21":4,"s:41:12:41:Infinity":7,"s:42:12:42:Infinity":8,"f:53:2:53:23":5,"s:54:4:54:Infinity":9,"f:60:2:60:13":6,"s:61:4:61:Infinity":10,"f:61:26:61:33":7,"s:61:33:61:58":11,"f:67:2:67:15":8,"s:68:4:68:Infinity":12,"f:68:28:68:35":9,"s:68:35:68:62":13,"f:74:2:74:18":10,"s:75:4:75:Infinity":14,"f:75:44:75:51":11,"s:75:51:75:62":15,"f:81:2:81:27":12,"s:82:4:82:Infinity":16,"f:88:2:88:24":13,"s:89:4:89:Infinity":17}}}
}
